cbm_hbi_hbi                                       14-Nov-2023 19:07:55
Running hierarchical bayesian inference (HBI)...

HBI has been initialized according to
	cbm_lap_output/lap_oneB [for model 1]
	cbm_lap_output/lap_twoB [for model 2]
	cbm_lap_output/lap_fourB [for model 3]
 
Number of samples: 73
Number of models: 3
======================================================================
Iteration 01
Iteration 02
	model frequencies (percent)
	model 1: 19.5| model 2: 21.0| model 3: 59.5| 
                                                           dL:   53.30
                                                           dm:   40.50
                                                           dx:    0.68
Iteration 03
	model frequencies (percent)
	model 1: 14.0| model 2: 16.0| model 3: 70.0| 
                                                           dL:   14.32
                                                           dm:   10.46
                                                           dx:    0.38
Iteration 04
	model frequencies (percent)
	model 1: 10.8| model 2: 13.0| model 3: 76.2| 
                                                           dL:    5.64
                                                           dm:    6.20
                                                           dx:    0.24
Iteration 05
	model frequencies (percent)
	model 1: 9.0| model 2: 10.7| model 3: 80.3| 
                                                           dL:    2.65
                                                           dm:    4.17
                                                           dx:    0.16
Iteration 06
	model frequencies (percent)
	model 1: 8.0| model 2: 8.6| model 3: 83.4| 
                                                           dL:    1.69
                                                           dm:    3.06
                                                           dx:    0.14
Iteration 07
	model frequencies (percent)
	model 1: 7.5| model 2: 6.7| model 3: 85.8| 
                                                           dL:    1.39
                                                           dm:    2.37
                                                           dx:    0.13
Iteration 08
	model frequencies (percent)
	model 1: 7.5| model 2: 4.8| model 3: 87.7| 
                                                           dL:    1.38
                                                           dm:    1.90
                                                           dx:    0.13
Iteration 09
	model frequencies (percent)
	model 1: 7.7| model 2: 3.1| model 3: 89.2| 
                                                           dL:    1.65
                                                           dm:    1.56
                                                           dx:    0.13
Iteration 10
	model frequencies (percent)
	model 1: 8.1| model 2: 1.4| model 3: 90.5| 
                                                           dL:    2.28
                                                           dm:    1.24
                                                           dx:    0.17
Iteration 11
	model frequencies (percent)
	model 1: 8.5| model 2: 0.4| model 3: 91.1| 
                                                           dL:    2.98
                                                           dm:    0.69
                                                           dx:    0.35
Iteration 12
	model frequencies (percent)
	model 1: 8.8| model 2: 0.1| model 3: 91.2| 
                                                           dL:    3.12
                                                           dm:    0.04
                                                           dx:    0.54
Iteration 13
	model frequencies (percent)
	model 1: 8.9| model 2: 0.0| model 3: 91.1| 
                                                           dL:    0.61
                                                           dm:    0.11
                                                           dx:    0.23
Iteration 14
	model frequencies (percent)
	model 1: 9.0| model 2: 0.0| model 3: 91.0| 
                                                           dL:    0.07
                                                           dm:    0.06
                                                           dx:    0.07
Iteration 15
	model frequencies (percent)
	model 1: 9.0| model 2: 0.0| model 3: 91.0| 
                                                           dL:    0.06
                                                           dm:    0.02
                                                           dx:    0.01
Iteration 16
	model frequencies (percent)
	model 1: 9.0| model 2: 0.0| model 3: 91.0| 
                                                           dL:    0.05
                                                           dm:    0.02
                                                           dx:    0.01
                                                          Converged :]
