cbm_hbi_hbi                                       14-Nov-2023 19:15:26
Running hierarchical bayesian inference (HBI)...

HBI has been initialized according to
	cbm_lap_output/lap_fourB_oneQ [for model 1]
	cbm_lap_output/lap_fourB_oneQ_CF [for model 2]
	cbm_lap_output/lap_fourB_oneQ_fullCF [for model 3]
 
Number of samples: 73
Number of models: 3
======================================================================
Iteration 01
Iteration 02
	model frequencies (percent)
	model 1: 56.9| model 2: 38.8| model 3: 4.4| 
                                                           dL:  136.22
                                                           dm:   43.14
                                                           dx:    0.66
Iteration 03
	model frequencies (percent)
	model 1: 48.8| model 2: 50.1| model 3: 1.2| 
                                                           dL:   39.58
                                                           dm:   11.26
                                                           dx:    0.30
Iteration 04
	model frequencies (percent)
	model 1: 40.7| model 2: 59.2| model 3: 0.1| 
                                                           dL:   23.78
                                                           dm:    9.20
                                                           dx:    0.27
Iteration 05
	model frequencies (percent)
	model 1: 35.9| model 2: 64.1| model 3: 0.0| 
                                                           dL:   10.35
                                                           dm:    4.89
                                                           dx:    0.26
Iteration 06
	model frequencies (percent)
	model 1: 33.1| model 2: 66.9| model 3: 0.0| 
                                                           dL:    4.92
                                                           dm:    2.78
                                                           dx:    0.20
Iteration 07
	model frequencies (percent)
	model 1: 31.3| model 2: 68.7| model 3: 0.0| 
                                                           dL:    3.09
                                                           dm:    1.75
                                                           dx:    0.06
Iteration 08
	model frequencies (percent)
	model 1: 30.1| model 2: 69.9| model 3: 0.0| 
                                                           dL:    2.26
                                                           dm:    1.21
                                                           dx:    0.04
Iteration 09
	model frequencies (percent)
	model 1: 29.2| model 2: 70.8| model 3: 0.0| 
                                                           dL:    2.40
                                                           dm:    0.92
                                                           dx:    0.03
Iteration 10
	model frequencies (percent)
	model 1: 28.5| model 2: 71.5| model 3: 0.0| 
                                                           dL:    1.72
                                                           dm:    0.75
                                                           dx:    0.04
Iteration 11
	model frequencies (percent)
	model 1: 27.8| model 2: 72.2| model 3: 0.0| 
                                                           dL:    1.41
                                                           dm:    0.63
                                                           dx:    0.03
Iteration 12
	model frequencies (percent)
	model 1: 27.3| model 2: 72.7| model 3: 0.0| 
                                                           dL:    1.51
                                                           dm:    0.55
                                                           dx:    0.03
Iteration 13
	model frequencies (percent)
	model 1: 26.5| model 2: 73.5| model 3: 0.0| 
                                                           dL:    1.14
                                                           dm:    0.78
                                                           dx:    0.03
Iteration 14
	model frequencies (percent)
	model 1: 25.9| model 2: 74.1| model 3: 0.0| 
                                                           dL:    1.05
                                                           dm:    0.55
                                                           dx:    0.03
Iteration 15
	model frequencies (percent)
	model 1: 25.5| model 2: 74.5| model 3: 0.0| 
                                                           dL:    0.99
                                                           dm:    0.44
                                                           dx:    0.03
Iteration 16
	model frequencies (percent)
	model 1: 25.1| model 2: 74.9| model 3: 0.0| 
                                                           dL:    0.85
                                                           dm:    0.35
                                                           dx:    0.03
Iteration 17
	model frequencies (percent)
	model 1: 24.8| model 2: 75.2| model 3: 0.0| 
                                                           dL:    0.77
                                                           dm:    0.37
                                                           dx:    0.03
Iteration 18
	model frequencies (percent)
	model 1: 24.4| model 2: 75.6| model 3: 0.0| 
                                                           dL:    0.71
                                                           dm:    0.36
                                                           dx:    0.02
Iteration 19
	model frequencies (percent)
	model 1: 24.1| model 2: 75.9| model 3: 0.0| 
                                                           dL:    0.65
                                                           dm:    0.30
                                                           dx:    0.02
Iteration 20
	model frequencies (percent)
	model 1: 23.8| model 2: 76.2| model 3: 0.0| 
                                                           dL:    0.59
                                                           dm:    0.26
                                                           dx:    0.02
Iteration 21
	model frequencies (percent)
	model 1: 23.6| model 2: 76.4| model 3: 0.0| 
                                                           dL:    0.53
                                                           dm:    0.23
                                                           dx:    0.02
Iteration 22
	model frequencies (percent)
	model 1: 23.4| model 2: 76.6| model 3: 0.0| 
                                                           dL:    0.48
                                                           dm:    0.20
                                                           dx:    0.02
Iteration 23
	model frequencies (percent)
	model 1: 23.2| model 2: 76.8| model 3: 0.0| 
                                                           dL:    0.43
                                                           dm:    0.18
                                                           dx:    0.02
Iteration 24
	model frequencies (percent)
	model 1: 23.1| model 2: 76.9| model 3: 0.0| 
                                                           dL:    0.39
                                                           dm:    0.17
                                                           dx:    0.02
Iteration 25
	model frequencies (percent)
	model 1: 22.9| model 2: 77.1| model 3: 0.0| 
                                                           dL:    0.35
                                                           dm:    0.15
                                                           dx:    0.02
Iteration 26
	model frequencies (percent)
	model 1: 22.8| model 2: 77.2| model 3: 0.0| 
                                                           dL:    0.32
                                                           dm:    0.14
                                                           dx:    0.02
Iteration 27
	model frequencies (percent)
	model 1: 22.6| model 2: 77.4| model 3: 0.0| 
                                                           dL:    0.28
                                                           dm:    0.13
                                                           dx:    0.02
Iteration 28
	model frequencies (percent)
	model 1: 22.5| model 2: 77.5| model 3: 0.0| 
                                                           dL:    0.26
                                                           dm:    0.12
                                                           dx:    0.02
Iteration 29
	model frequencies (percent)
	model 1: 22.4| model 2: 77.6| model 3: 0.0| 
                                                           dL:    0.23
                                                           dm:    0.11
                                                           dx:    0.01
Iteration 30
	model frequencies (percent)
	model 1: 22.3| model 2: 77.7| model 3: 0.0| 
                                                           dL:    0.21
                                                           dm:    0.10
                                                           dx:    0.01
Iteration 31
	model frequencies (percent)
	model 1: 22.2| model 2: 77.8| model 3: 0.0| 
                                                           dL:    0.19
                                                           dm:    0.09
                                                           dx:    0.01
Iteration 32
	model frequencies (percent)
	model 1: 22.1| model 2: 77.9| model 3: 0.0| 
                                                           dL:    2.04
                                                           dm:    0.08
                                                           dx:    0.01
Iteration 33
	model frequencies (percent)
	model 1: 21.6| model 2: 78.4| model 3: 0.0| 
                                                           dL:   -1.29
                                                           dm:    0.50
                                                           dx:    0.07
Iteration 34
	model frequencies (percent)
	model 1: 21.7| model 2: 78.3| model 3: 0.0| 
                                                           dL:    0.15
                                                           dm:    0.10
                                                           dx:    0.02
Iteration 35
	model frequencies (percent)
	model 1: 21.7| model 2: 78.3| model 3: 0.0| 
                                                           dL:    0.12
                                                           dm:    0.01
                                                           dx:    0.01
Iteration 36
	model frequencies (percent)
	model 1: 21.7| model 2: 78.3| model 3: 0.0| 
                                                           dL:    0.10
                                                           dm:    0.02
                                                           dx:    0.01
Iteration 37
	model frequencies (percent)
	model 1: 21.7| model 2: 78.3| model 3: 0.0| 
                                                           dL:    0.08
                                                           dm:    0.03
                                                           dx:    0.01
Iteration 38
	model frequencies (percent)
	model 1: 21.7| model 2: 78.3| model 3: 0.0| 
                                                           dL:    2.10
                                                           dm:    0.03
                                                           dx:    0.01
                                                          Converged :]
