cbm_hbi_hbi                                       14-Nov-2023 19:09:23
Running hierarchical bayesian inference (HBI)...

HBI has been initialized according to
	cbm_lap_output/lap_fourB [for model 1]
	cbm_lap_output/lap_fourB_oneQ [for model 2]
	cbm_lap_output/lap_fourB_twoQ [for model 3]
 
Number of samples: 73
Number of models: 3
======================================================================
Iteration 01
Iteration 02
	model frequencies (percent)
	model 1: 4.0| model 2: 62.2| model 3: 33.9| 
                                                           dL:  102.72
                                                           dm:   37.84
                                                           dx:    0.56
Iteration 03
	model frequencies (percent)
	model 1: 1.1| model 2: 75.3| model 3: 23.6| 
                                                           dL:   27.83
                                                           dm:   13.18
                                                           dx:    0.17
Iteration 04
	model frequencies (percent)
	model 1: 0.1| model 2: 85.3| model 3: 14.7| 
                                                           dL:   19.33
                                                           dm:    9.91
                                                           dx:    0.17
Iteration 05
	model frequencies (percent)
	model 1: 0.0| model 2: 92.4| model 3: 7.6| 
                                                           dL:   12.20
                                                           dm:    7.16
                                                           dx:    0.38
Iteration 06
	model frequencies (percent)
	model 1: 0.0| model 2: 97.4| model 3: 2.6| 
                                                           dL:   10.41
                                                           dm:    4.98
                                                           dx:    0.38
Iteration 07
	model frequencies (percent)
	model 1: 0.0| model 2: 99.8| model 3: 0.2| 
                                                           dL:   12.06
                                                           dm:    2.40
                                                           dx:    0.21
Iteration 08
	model frequencies (percent)
	model 1: 0.0| model 2: 100.0| model 3: 0.0| 
                                                           dL:    7.02
                                                           dm:    0.21
                                                           dx:    0.40
Iteration 09
	model frequencies (percent)
	model 1: 0.0| model 2: 100.0| model 3: 0.0| 
                                                           dL:    0.81
                                                           dm:    0.00
                                                           dx:    0.30
Iteration 10
	model frequencies (percent)
	model 1: 0.0| model 2: 100.0| model 3: 0.0| 
                                                           dL:    0.64
                                                           dm:    0.00
                                                           dx:    0.02
Iteration 11
	model frequencies (percent)
	model 1: 0.0| model 2: 100.0| model 3: 0.0| 
                                                           dL:    0.52
                                                           dm:    0.00
                                                           dx:    0.01
Iteration 12
	model frequencies (percent)
	model 1: 0.0| model 2: 100.0| model 3: 0.0| 
                                                           dL:    0.44
                                                           dm:    0.00
                                                           dx:    0.01
Iteration 13
	model frequencies (percent)
	model 1: 0.0| model 2: 100.0| model 3: 0.0| 
                                                           dL:    0.37
                                                           dm:    0.00
                                                           dx:    0.01
                                                          Converged :]
