cbm_hbi_hbi                                       14-Nov-2023 14:17:34
Running hierarchical bayesian inference (HBI)...

HBI has been initialized according to
	cbm_lap_output/lap_fourB_oneQ [for model 1]
	cbm_lap_output/lap_fourB_oneQ_CF [for model 2]
	cbm_lap_output/lap_fourB_oneQ_noCF [for model 3]
 
Number of samples: 151
Number of models: 3
======================================================================
Iteration 01
Iteration 02
	model frequencies (percent)
	model 1: 52.1| model 2: 39.1| model 3: 8.8| 
                                                           dL:  147.45
                                                           dm:   47.89
                                                           dx:    0.51
Iteration 03
	model frequencies (percent)
	model 1: 56.0| model 2: 37.6| model 3: 6.4| 
                                                           dL:   29.35
                                                           dm:    3.89
                                                           dx:    0.30
Iteration 04
	model frequencies (percent)
	model 1: 57.6| model 2: 36.2| model 3: 6.1| 
                                                           dL:    8.35
                                                           dm:    1.61
                                                           dx:    0.19
Iteration 05
	model frequencies (percent)
	model 1: 58.9| model 2: 34.8| model 3: 6.3| 
                                                           dL:    2.76
                                                           dm:    1.27
                                                           dx:    0.13
Iteration 06
	model frequencies (percent)
	model 1: 60.3| model 2: 33.3| model 3: 6.4| 
                                                           dL:    1.11
                                                           dm:    1.40
                                                           dx:    0.09
Iteration 07
	model frequencies (percent)
	model 1: 61.9| model 2: 31.6| model 3: 6.5| 
                                                           dL:    0.81
                                                           dm:    1.63
                                                           dx:    0.07
Iteration 08
	model frequencies (percent)
	model 1: 63.7| model 2: 29.7| model 3: 6.6| 
                                                           dL:    1.08
                                                           dm:    1.81
                                                           dx:    0.06
Iteration 09
	model frequencies (percent)
	model 1: 65.5| model 2: 27.9| model 3: 6.6| 
                                                           dL:    1.57
                                                           dm:    1.81
                                                           dx:    0.06
Iteration 10
	model frequencies (percent)
	model 1: 67.1| model 2: 26.4| model 3: 6.5| 
                                                           dL:    1.68
                                                           dm:    1.56
                                                           dx:    0.05
Iteration 11
	model frequencies (percent)
	model 1: 68.4| model 2: 25.1| model 3: 6.5| 
                                                           dL:    1.97
                                                           dm:    1.32
                                                           dx:    0.06
Iteration 12
	model frequencies (percent)
	model 1: 69.3| model 2: 24.1| model 3: 6.5| 
                                                           dL:    1.88
                                                           dm:    0.94
                                                           dx:    0.05
Iteration 13
	model frequencies (percent)
	model 1: 70.0| model 2: 23.5| model 3: 6.5| 
                                                           dL:    1.67
                                                           dm:    0.64
                                                           dx:    0.05
Iteration 14
	model frequencies (percent)
	model 1: 70.4| model 2: 23.0| model 3: 6.6| 
                                                           dL:    1.40
                                                           dm:    0.45
                                                           dx:    0.05
Iteration 15
	model frequencies (percent)
	model 1: 70.8| model 2: 22.6| model 3: 6.6| 
                                                           dL:    1.12
                                                           dm:    0.35
                                                           dx:    0.04
Iteration 16
	model frequencies (percent)
	model 1: 71.1| model 2: 22.3| model 3: 6.6| 
                                                           dL:    0.84
                                                           dm:    0.31
                                                           dx:    0.04
Iteration 17
	model frequencies (percent)
	model 1: 71.4| model 2: 21.9| model 3: 6.7| 
                                                           dL:    0.60
                                                           dm:    0.30
                                                           dx:    0.04
Iteration 18
	model frequencies (percent)
	model 1: 71.7| model 2: 21.6| model 3: 6.7| 
                                                           dL:    0.39
                                                           dm:    0.31
                                                           dx:    0.03
Iteration 19
	model frequencies (percent)
	model 1: 72.0| model 2: 21.2| model 3: 6.8| 
                                                           dL:    0.23
                                                           dm:    0.33
                                                           dx:    0.03
Iteration 20
	model frequencies (percent)
	model 1: 72.4| model 2: 20.8| model 3: 6.8| 
                                                           dL:    0.09
                                                           dm:    0.34
                                                           dx:    0.03
Iteration 21
	model frequencies (percent)
	model 1: 72.7| model 2: 20.4| model 3: 6.9| 
                                                           dL:   -0.01
                                                           dm:    0.35
                                                           dx:    0.02
Iteration 22
	model frequencies (percent)
	model 1: 73.1| model 2: 20.0| model 3: 6.9| 
                                                           dL:   -0.10
                                                           dm:    0.36
                                                           dx:    0.02
Iteration 23
	model frequencies (percent)
	model 1: 73.4| model 2: 19.6| model 3: 7.0| 
                                                           dL:   -0.16
                                                           dm:    0.36
                                                           dx:    0.02
Iteration 24
	model frequencies (percent)
	model 1: 73.8| model 2: 19.2| model 3: 7.0| 
                                                           dL:   -0.21
                                                           dm:    0.35
                                                           dx:    0.02
Iteration 25
	model frequencies (percent)
	model 1: 74.1| model 2: 18.8| model 3: 7.1| 
                                                           dL:   -0.25
                                                           dm:    0.34
                                                           dx:    0.01
Iteration 26
	model frequencies (percent)
	model 1: 74.4| model 2: 18.5| model 3: 7.1| 
                                                           dL:   -0.28
                                                           dm:    0.32
                                                           dx:    0.01
Iteration 27
	model frequencies (percent)
	model 1: 74.7| model 2: 18.1| model 3: 7.1| 
                                                           dL:   -0.30
                                                           dm:    0.30
                                                           dx:    0.01
                                                          Converged :]
