cbm_hbi_hbi                                       14-Nov-2023 13:55:41
Running hierarchical bayesian inference (HBI)...

HBI has been initialized according to
	cbm_lap_output/lap_fourB [for model 1]
	cbm_lap_output/lap_fourB_oneQ [for model 2]
	cbm_lap_output/lap_fourB_twoQ [for model 3]
 
Number of samples: 151
Number of models: 3
======================================================================
Iteration 01
Iteration 02
	model frequencies (percent)
	model 1: 18.9| model 2: 39.3| model 3: 41.8| 
                                                           dL:  119.43
                                                           dm:   58.20
                                                           dx:    0.56
Iteration 03
	model frequencies (percent)
	model 1: 12.2| model 2: 42.6| model 3: 45.1| 
                                                           dL:   37.70
                                                           dm:    3.32
                                                           dx:    0.34
Iteration 04
	model frequencies (percent)
	model 1: 8.6| model 2: 45.9| model 3: 45.5| 
                                                           dL:   20.60
                                                           dm:    3.24
                                                           dx:    0.26
Iteration 05
	model frequencies (percent)
	model 1: 6.3| model 2: 49.2| model 3: 44.5| 
                                                           dL:   15.25
                                                           dm:    3.32
                                                           dx:    0.22
Iteration 06
	model frequencies (percent)
	model 1: 4.4| model 2: 51.4| model 3: 44.2| 
                                                           dL:    8.73
                                                           dm:    2.20
                                                           dx:    0.17
Iteration 07
	model frequencies (percent)
	model 1: 2.9| model 2: 52.8| model 3: 44.3| 
                                                           dL:    4.90
                                                           dm:    1.38
                                                           dx:    0.14
Iteration 08
	model frequencies (percent)
	model 1: 1.7| model 2: 53.7| model 3: 44.6| 
                                                           dL:    3.43
                                                           dm:    0.93
                                                           dx:    0.14
Iteration 09
	model frequencies (percent)
	model 1: 0.7| model 2: 54.4| model 3: 44.9| 
                                                           dL:    3.80
                                                           dm:    0.73
                                                           dx:    0.18
Iteration 10
	model frequencies (percent)
	model 1: 0.1| model 2: 55.1| model 3: 44.9| 
                                                           dL:    5.88
                                                           dm:    0.62
                                                           dx:    0.45
Iteration 11
	model frequencies (percent)
	model 1: 0.0| model 2: 55.6| model 3: 44.4| 
                                                           dL:    3.10
                                                           dm:    0.54
                                                           dx:    0.43
Iteration 12
	model frequencies (percent)
	model 1: 0.0| model 2: 56.1| model 3: 43.9| 
                                                           dL:   -0.96
                                                           dm:    0.53
                                                           dx:    0.19
Iteration 13
	model frequencies (percent)
	model 1: 0.0| model 2: 56.7| model 3: 43.3| 
                                                           dL:   -1.06
                                                           dm:    0.54
                                                           dx:    0.03
Iteration 14
	model frequencies (percent)
	model 1: 0.0| model 2: 57.2| model 3: 42.8| 
                                                           dL:   -1.09
                                                           dm:    0.55
                                                           dx:    0.03
Iteration 15
	model frequencies (percent)
	model 1: 0.0| model 2: 57.8| model 3: 42.2| 
                                                           dL:   -1.10
                                                           dm:    0.56
                                                           dx:    0.02
Iteration 16
	model frequencies (percent)
	model 1: 0.0| model 2: 58.3| model 3: 41.7| 
                                                           dL:   -1.09
                                                           dm:    0.58
                                                           dx:    0.02
Iteration 17
	model frequencies (percent)
	model 1: 0.0| model 2: 58.9| model 3: 41.1| 
                                                           dL:   -1.09
                                                           dm:    0.61
                                                           dx:    0.02
Iteration 18
	model frequencies (percent)
	model 1: 0.0| model 2: 59.6| model 3: 40.4| 
                                                           dL:   -1.08
                                                           dm:    0.64
                                                           dx:    0.02
Iteration 19
	model frequencies (percent)
	model 1: 0.0| model 2: 60.3| model 3: 39.7| 
                                                           dL:   -1.07
                                                           dm:    0.67
                                                           dx:    0.02
Iteration 20
	model frequencies (percent)
	model 1: 0.0| model 2: 61.0| model 3: 39.0| 
                                                           dL:   -1.07
                                                           dm:    0.70
                                                           dx:    0.02
Iteration 21
	model frequencies (percent)
	model 1: 0.0| model 2: 61.7| model 3: 38.3| 
                                                           dL:   -1.08
                                                           dm:    0.73
                                                           dx:    0.02
Iteration 22
	model frequencies (percent)
	model 1: 0.0| model 2: 62.4| model 3: 37.6| 
                                                           dL:   -1.09
                                                           dm:    0.74
                                                           dx:    0.02
Iteration 23
	model frequencies (percent)
	model 1: 0.0| model 2: 63.1| model 3: 36.9| 
                                                           dL:   -1.11
                                                           dm:    0.73
                                                           dx:    0.02
Iteration 24
	model frequencies (percent)
	model 1: 0.0| model 2: 63.8| model 3: 36.2| 
                                                           dL:   -1.12
                                                           dm:    0.70
                                                           dx:    0.02
Iteration 25
	model frequencies (percent)
	model 1: 0.0| model 2: 64.5| model 3: 35.5| 
                                                           dL:   -1.11
                                                           dm:    0.67
                                                           dx:    0.02
Iteration 26
	model frequencies (percent)
	model 1: 0.0| model 2: 65.1| model 3: 34.9| 
                                                           dL:   -1.10
                                                           dm:    0.63
                                                           dx:    0.02
Iteration 27
	model frequencies (percent)
	model 1: 0.0| model 2: 65.7| model 3: 34.3| 
                                                           dL:   -1.07
                                                           dm:    0.60
                                                           dx:    0.01
Iteration 28
	model frequencies (percent)
	model 1: 0.0| model 2: 66.3| model 3: 33.7| 
                                                           dL:   -1.04
                                                           dm:    0.57
                                                           dx:    0.01
Iteration 29
	model frequencies (percent)
	model 1: 0.0| model 2: 66.9| model 3: 33.1| 
                                                           dL:   -1.00
                                                           dm:    0.54
                                                           dx:    0.01
Iteration 30
	model frequencies (percent)
	model 1: 0.0| model 2: 67.4| model 3: 32.6| 
                                                           dL:   -0.96
                                                           dm:    0.51
                                                           dx:    0.01
Iteration 31
	model frequencies (percent)
	model 1: 0.0| model 2: 67.9| model 3: 32.1| 
                                                           dL:   -0.92
                                                           dm:    0.49
                                                           dx:    0.01
Iteration 32
	model frequencies (percent)
	model 1: 0.0| model 2: 68.3| model 3: 31.7| 
                                                           dL:   -0.88
                                                           dm:    0.46
                                                           dx:    0.01
Iteration 33
	model frequencies (percent)
	model 1: 0.0| model 2: 68.8| model 3: 31.2| 
                                                           dL:   -0.84
                                                           dm:    0.44
                                                           dx:    0.01
Iteration 34
	model frequencies (percent)
	model 1: 0.0| model 2: 69.2| model 3: 30.8| 
                                                           dL:   -0.80
                                                           dm:    0.41
                                                           dx:    0.01
Iteration 35
	model frequencies (percent)
	model 1: 0.0| model 2: 69.6| model 3: 30.4| 
                                                           dL:   -0.76
                                                           dm:    0.39
                                                           dx:    0.01
Iteration 36
	model frequencies (percent)
	model 1: 0.0| model 2: 69.9| model 3: 30.1| 
                                                           dL:   -0.72
                                                           dm:    0.36
                                                           dx:    0.01
Iteration 37
	model frequencies (percent)
	model 1: 0.0| model 2: 70.2| model 3: 29.8| 
                                                           dL:   -0.68
                                                           dm:    0.34
                                                           dx:    0.01
Iteration 38
	model frequencies (percent)
	model 1: 0.0| model 2: 70.6| model 3: 29.4| 
                                                           dL:   -0.64
                                                           dm:    0.31
                                                           dx:    0.01
                                                          Converged :]
