cbm_hbi_hbi                                       14-Nov-2023 13:49:05
Running hierarchical bayesian inference (HBI)...

HBI has been initialized according to
	cbm_lap_output/lap_oneB [for model 1]
	cbm_lap_output/lap_twoB [for model 2]
	cbm_lap_output/lap_fourB [for model 3]
 
Number of samples: 151
Number of models: 3
======================================================================
Iteration 01
Iteration 02
	model frequencies (percent)
	model 1: 14.6| model 2: 33.3| model 3: 52.1| 
                                                           dL:  103.49
                                                           dm:   47.93
                                                           dx:    0.59
Iteration 03
	model frequencies (percent)
	model 1: 9.4| model 2: 29.7| model 3: 60.9| 
                                                           dL:   28.95
                                                           dm:    8.86
                                                           dx:    0.34
Iteration 04
	model frequencies (percent)
	model 1: 7.7| model 2: 26.5| model 3: 65.8| 
                                                           dL:   12.50
                                                           dm:    4.84
                                                           dx:    0.25
Iteration 05
	model frequencies (percent)
	model 1: 7.3| model 2: 24.1| model 3: 68.7| 
                                                           dL:    6.25
                                                           dm:    2.89
                                                           dx:    0.18
Iteration 06
	model frequencies (percent)
	model 1: 7.3| model 2: 22.1| model 3: 70.6| 
                                                           dL:    3.45
                                                           dm:    1.95
                                                           dx:    0.13
Iteration 07
	model frequencies (percent)
	model 1: 7.4| model 2: 20.5| model 3: 72.1| 
                                                           dL:    2.15
                                                           dm:    1.48
                                                           dx:    0.10
Iteration 08
	model frequencies (percent)
	model 1: 7.7| model 2: 19.0| model 3: 73.3| 
                                                           dL:    1.46
                                                           dm:    1.21
                                                           dx:    0.07
Iteration 09
	model frequencies (percent)
	model 1: 7.9| model 2: 17.8| model 3: 74.3| 
                                                           dL:    1.09
                                                           dm:    1.05
                                                           dx:    0.05
Iteration 10
	model frequencies (percent)
	model 1: 8.0| model 2: 16.7| model 3: 75.3| 
                                                           dL:    0.89
                                                           dm:    0.95
                                                           dx:    0.05
Iteration 11
	model frequencies (percent)
	model 1: 8.1| model 2: 15.7| model 3: 76.2| 
                                                           dL:    0.76
                                                           dm:    0.87
                                                           dx:    0.05
Iteration 12
	model frequencies (percent)
	model 1: 8.1| model 2: 14.9| model 3: 77.0| 
                                                           dL:    0.67
                                                           dm:    0.79
                                                           dx:    0.05
Iteration 13
	model frequencies (percent)
	model 1: 8.2| model 2: 14.2| model 3: 77.7| 
                                                           dL:    0.61
                                                           dm:    0.70
                                                           dx:    0.05
Iteration 14
	model frequencies (percent)
	model 1: 8.1| model 2: 13.6| model 3: 78.3| 
                                                           dL:    0.57
                                                           dm:    0.62
                                                           dx:    0.05
Iteration 15
	model frequencies (percent)
	model 1: 8.1| model 2: 13.1| model 3: 78.8| 
                                                           dL:    0.63
                                                           dm:    0.54
                                                           dx:    0.05
Iteration 16
	model frequencies (percent)
	model 1: 8.1| model 2: 12.6| model 3: 79.3| 
                                                           dL:    0.29
                                                           dm:    0.46
                                                           dx:    0.06
Iteration 17
	model frequencies (percent)
	model 1: 8.0| model 2: 12.3| model 3: 79.7| 
                                                           dL:    0.41
                                                           dm:    0.39
                                                           dx:    0.06
Iteration 18
	model frequencies (percent)
	model 1: 8.0| model 2: 12.1| model 3: 80.0| 
                                                           dL:    0.41
                                                           dm:    0.30
                                                           dx:    0.05
Iteration 19
	model frequencies (percent)
	model 1: 7.9| model 2: 11.9| model 3: 80.2| 
                                                           dL:    0.41
                                                           dm:    0.23
                                                           dx:    0.05
Iteration 20
	model frequencies (percent)
	model 1: 7.8| model 2: 11.8| model 3: 80.4| 
                                                           dL:    0.40
                                                           dm:    0.17
                                                           dx:    0.04
Iteration 21
	model frequencies (percent)
	model 1: 7.7| model 2: 11.8| model 3: 80.5| 
                                                           dL:    0.38
                                                           dm:    0.11
                                                           dx:    0.04
Iteration 22
	model frequencies (percent)
	model 1: 7.7| model 2: 11.8| model 3: 80.5| 
                                                           dL:    0.36
                                                           dm:    0.06
                                                           dx:    0.04
Iteration 23
	model frequencies (percent)
	model 1: 7.5| model 2: 11.9| model 3: 80.6| 
                                                           dL:    0.33
                                                           dm:    0.01
                                                           dx:    0.03
Iteration 24
	model frequencies (percent)
	model 1: 7.4| model 2: 12.0| model 3: 80.5| 
                                                           dL:    0.30
                                                           dm:    0.02
                                                           dx:    0.03
Iteration 25
	model frequencies (percent)
	model 1: 7.3| model 2: 12.2| model 3: 80.5| 
                                                           dL:    0.27
                                                           dm:    0.05
                                                           dx:    0.03
Iteration 26
	model frequencies (percent)
	model 1: 7.2| model 2: 12.4| model 3: 80.4| 
                                                           dL:    0.23
                                                           dm:    0.07
                                                           dx:    0.02
Iteration 27
	model frequencies (percent)
	model 1: 7.1| model 2: 12.6| model 3: 80.3| 
                                                           dL:    0.21
                                                           dm:    0.08
                                                           dx:    0.02
Iteration 28
	model frequencies (percent)
	model 1: 7.0| model 2: 12.8| model 3: 80.2| 
                                                           dL:    0.18
                                                           dm:    0.09
                                                           dx:    0.02
Iteration 29
	model frequencies (percent)
	model 1: 6.9| model 2: 13.0| model 3: 80.2| 
                                                           dL:    0.16
                                                           dm:    0.08
                                                           dx:    0.02
Iteration 30
	model frequencies (percent)
	model 1: 6.8| model 2: 13.2| model 3: 80.1| 
                                                           dL:    0.14
                                                           dm:    0.08
                                                           dx:    0.02
Iteration 31
	model frequencies (percent)
	model 1: 6.6| model 2: 13.4| model 3: 80.0| 
                                                           dL:    0.12
                                                           dm:    0.07
                                                           dx:    0.02
Iteration 32
	model frequencies (percent)
	model 1: 6.5| model 2: 13.5| model 3: 79.9| 
                                                           dL:    0.11
                                                           dm:    0.06
                                                           dx:    0.02
Iteration 33
	model frequencies (percent)
	model 1: 6.4| model 2: 13.7| model 3: 79.9| 
                                                           dL:    0.10
                                                           dm:    0.05
                                                           dx:    0.01
Iteration 34
	model frequencies (percent)
	model 1: 6.3| model 2: 13.8| model 3: 79.8| 
                                                           dL:    0.09
                                                           dm:    0.04
                                                           dx:    0.01
Iteration 35
	model frequencies (percent)
	model 1: 6.2| model 2: 14.0| model 3: 79.8| 
                                                           dL:    0.09
                                                           dm:    0.04
                                                           dx:    0.01
Iteration 36
	model frequencies (percent)
	model 1: 6.1| model 2: 14.1| model 3: 79.8| 
                                                           dL:    0.08
                                                           dm:    0.03
                                                           dx:    0.01
Iteration 37
	model frequencies (percent)
	model 1: 6.0| model 2: 14.2| model 3: 79.8| 
                                                           dL:    0.07
                                                           dm:    0.02
                                                           dx:    0.01
Iteration 38
	model frequencies (percent)
	model 1: 5.9| model 2: 14.3| model 3: 79.8| 
                                                           dL:    0.07
                                                           dm:    0.01
                                                           dx:    0.01
Iteration 39
	model frequencies (percent)
	model 1: 5.9| model 2: 14.4| model 3: 79.8| 
                                                           dL:    0.07
                                                           dm:    0.00
                                                           dx:    0.01
Iteration 40
	model frequencies (percent)
	model 1: 5.8| model 2: 14.5| model 3: 79.8| 
                                                           dL:    0.06
                                                           dm:    0.00
                                                           dx:    0.01
                                                          Converged :]
